Base path: /Applications/Unity/Unity.app/Contents
Cmd: getPlatforms
Cmd: preprocess
  insize=9195 outsize=2321 ok=1
Cmd: preprocess
  insize=11276 outsize=717 ok=1
Cmd: preprocess
  insize=1209 outsize=458 ok=1
Cmd: preprocess
  insize=8652 outsize=772 ok=1
Cmd: preprocess
  insize=1685 outsize=352 ok=1
Cmd: preprocess
  insize=919 outsize=355 ok=1
Cmd: preprocess
  insize=1006 outsize=316 ok=1
Cmd: preprocess
  insize=1989 outsize=486 ok=1
Cmd: preprocess
  insize=1291 outsize=412 ok=1
Cmd: preprocess
  insize=3562 outsize=711 ok=1
Cmd: preprocess
  insize=1183 outsize=296 ok=1
Cmd: preprocess
  insize=1235 outsize=409 ok=1
Cmd: preprocess
  error: 2 plat 18 at (40): Can't find include file frag_ao.cginc
  error: 2 plat 18 at (43): Can't find include file frag_ao.cginc
  error: 2 plat 18 at (46): Can't find include file frag_ao.cginc
  error: 2 plat 18 at (49): Can't find include file frag_ao.cginc
  error: 2 plat 18 at (53): Can't find include file frag_ao.cginc
  insize=6551 outsize=798 ok=0
Cmd: preprocess
  insize=1173 outsize=314 ok=1
Cmd: preprocess
  insize=2636 outsize=773 ok=1
Cmd: preprocess
  insize=968 outsize=305 ok=1
Cmd: preprocess
  insize=1377 outsize=384 ok=1
Cmd: preprocess
  insize=1420 outsize=347 ok=1
Cmd: preprocess
  insize=1709 outsize=728 ok=1
Cmd: preprocess
  insize=1403 outsize=346 ok=1
Cmd: preprocess
  insize=1268 outsize=329 ok=1
Cmd: preprocess
  insize=2306 outsize=643 ok=1
Cmd: preprocess
  insize=965 outsize=271 ok=1
Cmd: preprocess
  insize=790 outsize=320 ok=1
Cmd: preprocess
  insize=32636 outsize=273 ok=1
Cmd: preprocess
  insize=1216 outsize=260 ok=1
Cmd: preprocess
  insize=3601 outsize=704 ok=1
Cmd: preprocess
  insize=1000 outsize=249 ok=1
Cmd: preprocess
  insize=5357 outsize=1799 ok=1
Cmd: preprocess
  insize=11420 outsize=1917 ok=1
Cmd: preprocess
  insize=1038 outsize=358 ok=1
Cmd: preprocess
  insize=6289 outsize=752 ok=1
Cmd: preprocess
  insize=2832 outsize=782 ok=1
Cmd: preprocess
  insize=8191 outsize=1105 ok=1
Cmd: preprocess
  insize=977 outsize=438 ok=1
Cmd: preprocess
  insize=13814 outsize=2625 ok=1
Cmd: preprocess
  insize=1950 outsize=490 ok=1
Cmd: preprocess
  insize=1692 outsize=302 ok=1
Cmd: preprocess
  insize=27271 outsize=4693 ok=1
Cmd: preprocess
  insize=4106 outsize=553 ok=1
Cmd: preprocess
  insize=2274 outsize=1208 ok=1
Cmd: preprocess
  insize=1737 outsize=297 ok=1
Cmd: preprocess
  insize=1026 outsize=351 ok=1
Cmd: preprocess
  insize=1123 outsize=458 ok=1
Cmd: preprocess
  insize=738 outsize=267 ok=1
Cmd: preprocess
  insize=5837 outsize=873 ok=1
Cmd: preprocess
  insize=5846 outsize=801 ok=1
Cmd: preprocess
  insize=586 outsize=360 ok=1
Cmd: preprocess
  insize=32646 outsize=272 ok=1
Cmd: preprocess
  insize=5149 outsize=1741 ok=1
Cmd: preprocess
  insize=6801 outsize=255 ok=1
Cmd: preprocess
  insize=4528 outsize=555 ok=1
Cmd: preprocess
  insize=4925 outsize=1092 ok=1
Cmd: preprocess
  insize=5752 outsize=1269 ok=1
Cmd: preprocess
  insize=721 outsize=317 ok=1
Cmd: preprocess
  insize=4076 outsize=684 ok=1
Cmd: preprocess
  insize=873 outsize=301 ok=1
Cmd: preprocess
  insize=1339 outsize=296 ok=1
Cmd: preprocess
  insize=2143 outsize=982 ok=1
Cmd: preprocess
  insize=5961 outsize=792 ok=1
Cmd: preprocess
  insize=1080 outsize=489 ok=1
Cmd: preprocess
  insize=1213 outsize=389 ok=1
Cmd: preprocess
  insize=574 outsize=259 ok=1
Cmd: preprocess
  insize=724 outsize=315 ok=1
Cmd: preprocess
  insize=1727 outsize=682 ok=1
Cmd: compileSnippet
  api=15 type=0 insize=6763 outsize=9129 kw=DIRECTIONAL SHADOWS_OFF LIGHTMAP_OFF DIRLIGHTMAP_OFF DYNAMICLIGHTMAP_OFF VERTEXLIGHT_ON pd=UNITY_ENABLE_REFLECTION_BUFFERS UNITY_PBS_USE_BRDF1 UNITY_SPECCUBE_BOX_PROJECTION UNITY_SPECCUBE_BLENDING SHADER_API_DESKTOP UNITY_TEXTURE_ALPHASPLIT_ALLOWED ok=1
Cmd: compileSnippet
  api=15 type=0 insize=7140 outsize=9441 kw=DIRECTIONAL SHADOWS_OFF LIGHTMAP_OFF DIRLIGHTMAP_OFF DYNAMICLIGHTMAP_OFF VERTEXLIGHT_ON pd=UNITY_ENABLE_REFLECTION_BUFFERS UNITY_PBS_USE_BRDF1 UNITY_SPECCUBE_BOX_PROJECTION UNITY_SPECCUBE_BLENDING SHADER_API_DESKTOP UNITY_TEXTURE_ALPHASPLIT_ALLOWED ok=1
Cmd: compileSnippet
  api=15 type=0 insize=3695 outsize=8007 kw=POINT pd=UNITY_ENABLE_REFLECTION_BUFFERS UNITY_PBS_USE_BRDF1 UNITY_SPECCUBE_BOX_PROJECTION UNITY_SPECCUBE_BLENDING SHADER_API_DESKTOP UNITY_TEXTURE_ALPHASPLIT_ALLOWED ok=1
Cmd: compileSnippet
  api=15 type=1 insize=3695 outsize=0 kw=POINT pd=UNITY_ENABLE_REFLECTION_BUFFERS UNITY_PBS_USE_BRDF1 UNITY_SPECCUBE_BOX_PROJECTION UNITY_SPECCUBE_BLENDING SHADER_API_DESKTOP UNITY_TEXTURE_ALPHASPLIT_ALLOWED ok=1
Cmd: compileSnippet
  api=15 type=0 insize=3915 outsize=8059 kw=POINT pd=UNITY_ENABLE_REFLECTION_BUFFERS UNITY_PBS_USE_BRDF1 UNITY_SPECCUBE_BOX_PROJECTION UNITY_SPECCUBE_BLENDING SHADER_API_DESKTOP UNITY_TEXTURE_ALPHASPLIT_ALLOWED ok=1
Cmd: compileSnippet
  api=15 type=1 insize=3915 outsize=0 kw=POINT pd=UNITY_ENABLE_REFLECTION_BUFFERS UNITY_PBS_USE_BRDF1 UNITY_SPECCUBE_BOX_PROJECTION UNITY_SPECCUBE_BLENDING SHADER_API_DESKTOP UNITY_TEXTURE_ALPHASPLIT_ALLOWED ok=1
Cmd: compileSnippet
  api=15 type=0 insize=5342 outsize=10471 kw=POINT pd=UNITY_ENABLE_REFLECTION_BUFFERS UNITY_PBS_USE_BRDF1 UNITY_SPECCUBE_BOX_PROJECTION UNITY_SPECCUBE_BLENDING SHADER_API_DESKTOP UNITY_TEXTURE_ALPHASPLIT_ALLOWED ok=1
Cmd: compileSnippet
  api=15 type=1 insize=5342 outsize=0 kw=POINT pd=UNITY_ENABLE_REFLECTION_BUFFERS UNITY_PBS_USE_BRDF1 UNITY_SPECCUBE_BOX_PROJECTION UNITY_SPECCUBE_BLENDING SHADER_API_DESKTOP UNITY_TEXTURE_ALPHASPLIT_ALLOWED ok=1
Cmd: compileSnippet
  api=15 type=0 insize=7785 outsize=12061 kw=DIRECTIONAL LIGHTMAP_OFF DIRLIGHTMAP_OFF DYNAMICLIGHTMAP_OFF VERTEXLIGHT_ON pd=UNITY_ENABLE_REFLECTION_BUFFERS UNITY_PBS_USE_BRDF1 UNITY_SPECCUBE_BOX_PROJECTION UNITY_SPECCUBE_BLENDING SHADER_API_DESKTOP UNITY_TEXTURE_ALPHASPLIT_ALLOWED ok=1
